Using pre-set license
Built from '2020.3/staging' branch; Version is '2020.3.4f1 (0abb6314276a) revision 703331'; Using compiler version '192528614'; Build Type 'Release'
OS: 'Windows 10 Pro; OS build 19042.928; Version 2009; 64bit' Language: 'pt' Physical Memory: 16200 MB
BatchMode: 1, IsHumanControllingUs: 0, StartBugReporterOnCrash: 0, Is64bit: 1, IsPro: 0

 COMMAND LINE ARGUMENTS:
C:\Program Files\Unity\Hub\Editor\2020.3.4f1\Editor\Unity.exe
-adb2
-batchMode
-noUpm
-name
AssetImportWorker0
-projectPath
C:/Users/Joao/Documents/Unity Projects/LittleGarden
-logFile
Logs/AssetImportWorker0.log
-srvPort
52660
Successfully changed project path to: C:/Users/Joao/Documents/Unity Projects/LittleGarden
C:/Users/Joao/Documents/Unity Projects/LittleGarden
Using Asset Import Pipeline V2.
Refreshing native plugins compatible for Editor in 34.41 ms, found 1 plugins.
Preloading 0 native plugins for Editor in 0.00 ms.
Initialize engine version: 2020.3.4f1 (0abb6314276a)
[Subsystems] Discovering subsystems at path C:/Program Files/Unity/Hub/Editor/2020.3.4f1/Editor/Data/Resources/UnitySubsystems
[Subsystems] Discovering subsystems at path C:/Users/Joao/Documents/Unity Projects/LittleGarden/Assets
GfxDevice: creating device client; threaded=0
Direct3D:
    Version:  Direct3D 11.0 [level 11.1]
    Renderer: NVIDIA GeForce RTX 2060 (ID=0x1f15)
    Vendor:   
    VRAM:     5980 MB
    Driver:   27.21.14.6611
Initialize mono
Mono path[0] = 'C:/Program Files/Unity/Hub/Editor/2020.3.4f1/Editor/Data/Managed'
Mono path[1] = 'C:/Program Files/Unity/Hub/Editor/2020.3.4f1/Editor/Data/MonoBleedingEdge/lib/mono/unityjit'
Mono config path = 'C:/Program Files/Unity/Hub/Editor/2020.3.4f1/Editor/Data/MonoBleedingEdge/etc'
Using monoOptions --debugger-agent=transport=dt_socket,embedding=1,server=y,suspend=n,address=127.0.0.1:56640
Begin MonoManager ReloadAssembly
Registering precompiled unity dll's ...
Register platform support module: C:/Program Files/Unity/Hub/Editor/2020.3.4f1/Editor/Data/PlaybackEngines/WebGLSupport/UnityEditor.WebGL.Extensions.dll
Register platform support module: C:/Program Files/Unity/Hub/Editor/2020.3.4f1/Editor/Data/PlaybackEngines/WindowsStandaloneSupport/UnityEditor.WindowsStandalone.Extensions.dll
Registered in 0.003054 seconds.
Native extension for WindowsStandalone target not found
Native extension for WebGL target not found
Refreshing native plugins compatible for Editor in 39.72 ms, found 1 plugins.
Preloading 0 native plugins for Editor in 0.00 ms.
Mono: successfully reloaded assembly
- Completed reload, in  1.177 seconds
Platform modules already initialized, skipping
Registering precompiled user dll's ...
Registered in 0.001372 seconds.
Begin MonoManager ReloadAssembly
Native extension for WindowsStandalone target not found
Native extension for WebGL target not found
Refreshing native plugins compatible for Editor in 30.20 ms, found 1 plugins.
Preloading 0 native plugins for Editor in 0.00 ms.
Mono: successfully reloaded assembly
- Completed reload, in  0.792 seconds
Platform modules already initialized, skipping
========================================================================
Worker process is ready to serve import requests
Launched and connected shader compiler UnityShaderCompiler.exe after 0.05 seconds
Refreshing native plugins compatible for Editor in 0.32 ms, found 1 plugins.
Preloading 0 native plugins for Editor in 0.00 ms.
Unloading 1825 Unused Serialized files (Serialized files now loaded: 0)
System memory in use before: 85.3 MB.
System memory in use after: 85.2 MB.

Unloading 24 unused Assets to reduce memory usage. Loaded Objects now: 2268.
Total: 2.190300 ms (FindLiveObjects: 0.168000 ms CreateObjectMapping: 0.121100 ms MarkObjects: 1.782300 ms  DeleteObjects: 0.117600 ms)

========================================================================
Received Import Request.
  path: Assets/Game/Resources/Characters/Spider.asset
  artifactKey: Guid(53476ff807376dc4ea31d9d8cb3926a3) Importer(815301076,1909f56bfc062723c751e8b465ee728b)
Start importing Assets/Game/Resources/Characters/Spider.asset using Guid(53476ff807376dc4ea31d9d8cb3926a3) Importer(815301076,1909f56bfc062723c751e8b465ee728b)  -> (artifact id: 'd5dc8ade4657df00fe541771c061c5e5') in 0.030854 seconds
  Import took 0.033656 seconds .

========================================================================
Received Import Request.
  Time since last request: 0.000228 seconds.
  path: Assets/Game/Resources/Characters/Ant.asset
  artifactKey: Guid(d99e8baaaec13bb4c9f38d12c35ad41d) Importer(815301076,1909f56bfc062723c751e8b465ee728b)
Start importing Assets/Game/Resources/Characters/Ant.asset using Guid(d99e8baaaec13bb4c9f38d12c35ad41d) Importer(815301076,1909f56bfc062723c751e8b465ee728b)  -> (artifact id: '8daf04b973913fa9b8d1de2fa26417bc') in 0.003784 seconds
  Import took 0.006585 seconds .

========================================================================
Received Import Request.
  Time since last request: 0.000226 seconds.
  path: Assets/Game/Resources/Skills/Super Strength.asset
  artifactKey: Guid(8b790eccafea138439f3c7816269dbe5) Importer(815301076,1909f56bfc062723c751e8b465ee728b)
Start importing Assets/Game/Resources/Skills/Super Strength.asset using Guid(8b790eccafea138439f3c7816269dbe5) Importer(815301076,1909f56bfc062723c751e8b465ee728b)  -> (artifact id: '4f1e6dccb37320e75cc9eedc1237411e') in 0.002270 seconds
  Import took 0.004775 seconds .

========================================================================
Received Import Request.
  Time since last request: 0.004606 seconds.
  path: Assets/Game/Resources/Skills/Super Strength.asset
  artifactKey: Guid(8b790eccafea138439f3c7816269dbe5) Importer(815301076,1909f56bfc062723c751e8b465ee728b)
Start importing Assets/Game/Resources/Skills/Super Strength.asset using Guid(8b790eccafea138439f3c7816269dbe5) Importer(815301076,1909f56bfc062723c751e8b465ee728b)  -> (artifact id: '4f1e6dccb37320e75cc9eedc1237411e') in 0.003011 seconds
  Import took 0.006170 seconds .

========================================================================
Received Prepare
Registering precompiled user dll's ...
Registered in 0.000920 seconds.
Begin MonoManager ReloadAssembly
Native extension for WindowsStandalone target not found
Native extension for WebGL target not found
Refreshing native plugins compatible for Editor in 0.33 ms, found 1 plugins.
Preloading 0 native plugins for Editor in 0.00 ms.
Mono: successfully reloaded assembly
- Completed reload, in  0.755 seconds
Platform modules already initialized, skipping
Refreshing native plugins compatible for Editor in 0.33 ms, found 1 plugins.
Preloading 0 native plugins for Editor in 0.00 ms.
Unloading 1820 Unused Serialized files (Serialized files now loaded: 0)
System memory in use before: 85.2 MB.
System memory in use after: 85.2 MB.

Unloading 12 unused Assets to reduce memory usage. Loaded Objects now: 2272.
Total: 2.477600 ms (FindLiveObjects: 0.315300 ms CreateObjectMapping: 0.104000 ms MarkObjects: 1.927900 ms  DeleteObjects: 0.129300 ms)

AssetImportWorkerClient::OnTransportError - code=2 error=End of file
